{"/home/labadmin/class/engse203/week3-day5/workshop-16-unit-testing/src/config/database.js": {"path":"/home/labadmin/class/engse203/week3-day5/workshop-16-unit-testing/src/config/database.js","statementMap":{"0":{"start":{"line":8,"column":11},"end":{"line":12,"column":1}},"1":{"start":{"line":10,"column":4},"end":{"line":10,"column":111}},"2":{"start":{"line":14,"column":0},"end":{"line":14,"column":20}}},"fnMap":{"0":{"name":"(anonymous_0)","decl":{"start":{"line":9,"column":2},"end":{"line":9,"column":3}},"loc":{"start":{"line":9,"column":32},"end":{"line":11,"column":3}},"line":9}},"branchMap":{"0":{"loc":{"start":{"line":9,"column":19},"end":{"line":9,"column":30}},"type":"default-arg","locations":[{"start":{"line":9,"column":28},"end":{"line":9,"column":30}}],"line":9}},"s":{"0":0,"1":0,"2":0},"f":{"0":0},"b":{"0":[0]}}
,"/home/labadmin/class/engse203/week3-day5/workshop-16-unit-testing/src/models/Todo.js": {"path":"/home/labadmin/class/engse203/week3-day5/workshop-16-unit-testing/src/models/Todo.js","statementMap":{"0":{"start":{"line":2,"column":11},"end":{"line":2,"column":40}},"1":{"start":{"line":9,"column":4},"end":{"line":14,"column":5}},"2":{"start":{"line":10,"column":21},"end":{"line":10,"column":82}},"3":{"start":{"line":11,"column":6},"end":{"line":11,"column":20}},"4":{"start":{"line":13,"column":6},"end":{"line":13,"column":65}},"5":{"start":{"line":21,"column":4},"end":{"line":34,"column":5}},"6":{"start":{"line":22,"column":21},"end":{"line":22,"column":77}},"7":{"start":{"line":24,"column":6},"end":{"line":26,"column":7}},"8":{"start":{"line":25,"column":8},"end":{"line":25,"column":42}},"9":{"start":{"line":28,"column":6},"end":{"line":28,"column":23}},"10":{"start":{"line":30,"column":6},"end":{"line":32,"column":7}},"11":{"start":{"line":31,"column":8},"end":{"line":31,"column":20}},"12":{"start":{"line":33,"column":6},"end":{"line":33,"column":64}},"13":{"start":{"line":41,"column":4},"end":{"line":54,"column":5}},"14":{"start":{"line":42,"column":21},"end":{"line":42,"column":68}},"15":{"start":{"line":44,"column":6},"end":{"line":48,"column":8}},"16":{"start":{"line":50,"column":6},"end":{"line":52,"column":7}},"17":{"start":{"line":51,"column":8},"end":{"line":51,"column":42}},"18":{"start":{"line":53,"column":6},"end":{"line":53,"column":65}},"19":{"start":{"line":61,"column":4},"end":{"line":74,"column":5}},"20":{"start":{"line":62,"column":21},"end":{"line":62,"column":82}},"21":{"start":{"line":64,"column":6},"end":{"line":66,"column":7}},"22":{"start":{"line":65,"column":8},"end":{"line":65,"column":42}},"23":{"start":{"line":68,"column":6},"end":{"line":68,"column":29}},"24":{"start":{"line":70,"column":6},"end":{"line":72,"column":7}},"25":{"start":{"line":71,"column":8},"end":{"line":71,"column":20}},"26":{"start":{"line":73,"column":6},"end":{"line":73,"column":65}},"27":{"start":{"line":81,"column":4},"end":{"line":94,"column":5}},"28":{"start":{"line":82,"column":21},"end":{"line":82,"column":75}},"29":{"start":{"line":84,"column":6},"end":{"line":86,"column":7}},"30":{"start":{"line":85,"column":8},"end":{"line":85,"column":42}},"31":{"start":{"line":88,"column":6},"end":{"line":88,"column":18}},"32":{"start":{"line":90,"column":6},"end":{"line":92,"column":7}},"33":{"start":{"line":91,"column":8},"end":{"line":91,"column":20}},"34":{"start":{"line":93,"column":6},"end":{"line":93,"column":65}},"35":{"start":{"line":98,"column":0},"end":{"line":98,"column":22}}},"fnMap":{"0":{"name":"(anonymous_0)","decl":{"start":{"line":8,"column":2},"end":{"line":8,"column":3}},"loc":{"start":{"line":8,"column":24},"end":{"line":15,"column":3}},"line":8},"1":{"name":"(anonymous_1)","decl":{"start":{"line":20,"column":2},"end":{"line":20,"column":3}},"loc":{"start":{"line":20,"column":27},"end":{"line":35,"column":3}},"line":20},"2":{"name":"(anonymous_2)","decl":{"start":{"line":40,"column":2},"end":{"line":40,"column":3}},"loc":{"start":{"line":40,"column":28},"end":{"line":55,"column":3}},"line":40},"3":{"name":"(anonymous_3)","decl":{"start":{"line":60,"column":2},"end":{"line":60,"column":3}},"loc":{"start":{"line":60,"column":32},"end":{"line":75,"column":3}},"line":60},"4":{"name":"(anonymous_4)","decl":{"start":{"line":80,"column":2},"end":{"line":80,"column":3}},"loc":{"start":{"line":80,"column":26},"end":{"line":95,"column":3}},"line":80}},"branchMap":{"0":{"loc":{"start":{"line":24,"column":6},"end":{"line":26,"column":7}},"type":"if","locations":[{"start":{"line":24,"column":6},"end":{"line":26,"column":7}},{"start":{},"end":{}}],"line":24},"1":{"loc":{"start":{"line":30,"column":6},"end":{"line":32,"column":7}},"type":"if","locations":[{"start":{"line":30,"column":6},"end":{"line":32,"column":7}},{"start":{},"end":{}}],"line":30},"2":{"loc":{"start":{"line":50,"column":6},"end":{"line":52,"column":7}},"type":"if","locations":[{"start":{"line":50,"column":6},"end":{"line":52,"column":7}},{"start":{},"end":{}}],"line":50},"3":{"loc":{"start":{"line":64,"column":6},"end":{"line":66,"column":7}},"type":"if","locations":[{"start":{"line":64,"column":6},"end":{"line":66,"column":7}},{"start":{},"end":{}}],"line":64},"4":{"loc":{"start":{"line":70,"column":6},"end":{"line":72,"column":7}},"type":"if","locations":[{"start":{"line":70,"column":6},"end":{"line":72,"column":7}},{"start":{},"end":{}}],"line":70},"5":{"loc":{"start":{"line":84,"column":6},"end":{"line":86,"column":7}},"type":"if","locations":[{"start":{"line":84,"column":6},"end":{"line":86,"column":7}},{"start":{},"end":{}}],"line":84},"6":{"loc":{"start":{"line":90,"column":6},"end":{"line":92,"column":7}},"type":"if","locations":[{"start":{"line":90,"column":6},"end":{"line":92,"column":7}},{"start":{},"end":{}}],"line":90}},"s":{"0":1,"1":3,"2":3,"3":2,"4":1,"5":5,"6":5,"7":4,"8":2,"9":2,"10":3,"11":2,"12":1,"13":6,"14":6,"15":4,"16":2,"17":1,"18":1,"19":4,"20":4,"21":3,"22":1,"23":2,"24":2,"25":1,"26":1,"27":4,"28":4,"29":3,"30":1,"31":2,"32":2,"33":1,"34":1,"35":1},"f":{"0":3,"1":5,"2":6,"3":4,"4":4},"b":{"0":[2,2],"1":[2,1],"2":[1,1],"3":[1,2],"4":[1,1],"5":[1,2],"6":[1,1]},"_coverageSchema":"1a1c01bbd47fc00a2c39e90264f33305004495a9","hash":"9f5e4a156e6770913fba95605fbb16476d4828b5"}
,"/home/labadmin/class/engse203/week3-day5/workshop-16-unit-testing/src/utils/businessRules.js": {"path":"/home/labadmin/class/engse203/week3-day5/workshop-16-unit-testing/src/utils/businessRules.js","statementMap":{"0":{"start":{"line":7,"column":2},"end":{"line":9,"column":3}},"1":{"start":{"line":8,"column":4},"end":{"line":8,"column":17}},"2":{"start":{"line":12,"column":2},"end":{"line":14,"column":3}},"3":{"start":{"line":13,"column":4},"end":{"line":13,"column":17}},"4":{"start":{"line":16,"column":2},"end":{"line":16,"column":14}},"5":{"start":{"line":23,"column":2},"end":{"line":25,"column":3}},"6":{"start":{"line":24,"column":4},"end":{"line":24,"column":17}},"7":{"start":{"line":27,"column":2},"end":{"line":29,"column":3}},"8":{"start":{"line":28,"column":4},"end":{"line":28,"column":17}},"9":{"start":{"line":31,"column":14},"end":{"line":31,"column":24}},"10":{"start":{"line":32,"column":18},"end":{"line":32,"column":40}},"11":{"start":{"line":34,"column":2},"end":{"line":34,"column":23}},"12":{"start":{"line":41,"column":2},"end":{"line":43,"column":3}},"13":{"start":{"line":42,"column":4},"end":{"line":42,"column":13}},"14":{"start":{"line":45,"column":25},"end":{"line":45,"column":57}},"15":{"start":{"line":45,"column":43},"end":{"line":45,"column":49}},"16":{"start":{"line":46,"column":2},"end":{"line":46,"column":59}},"17":{"start":{"line":53,"column":17},"end":{"line":57,"column":3}},"18":{"start":{"line":59,"column":2},"end":{"line":59,"column":31}},"19":{"start":{"line":66,"column":2},"end":{"line":68,"column":3}},"20":{"start":{"line":67,"column":4},"end":{"line":67,"column":17}},"21":{"start":{"line":70,"column":14},"end":{"line":70,"column":24}},"22":{"start":{"line":71,"column":18},"end":{"line":71,"column":40}},"23":{"start":{"line":72,"column":20},"end":{"line":72,"column":54}},"24":{"start":{"line":74,"column":2},"end":{"line":74,"column":42}},"25":{"start":{"line":77,"column":0},"end":{"line":83,"column":2}}},"fnMap":{"0":{"name":"canMarkAsDone","decl":{"start":{"line":6,"column":9},"end":{"line":6,"column":22}},"loc":{"start":{"line":6,"column":29},"end":{"line":17,"column":1}},"line":6},"1":{"name":"isOverdue","decl":{"start":{"line":22,"column":9},"end":{"line":22,"column":18}},"loc":{"start":{"line":22,"column":25},"end":{"line":35,"column":1}},"line":22},"2":{"name":"calculateCompletionRate","decl":{"start":{"line":40,"column":9},"end":{"line":40,"column":32}},"loc":{"start":{"line":40,"column":40},"end":{"line":47,"column":1}},"line":40},"3":{"name":"(anonymous_3)","decl":{"start":{"line":45,"column":38},"end":{"line":45,"column":39}},"loc":{"start":{"line":45,"column":43},"end":{"line":45,"column":49}},"line":45},"4":{"name":"getPriorityScore","decl":{"start":{"line":52,"column":9},"end":{"line":52,"column":25}},"loc":{"start":{"line":52,"column":36},"end":{"line":60,"column":1}},"line":52},"5":{"name":"isDueSoon","decl":{"start":{"line":65,"column":9},"end":{"line":65,"column":18}},"loc":{"start":{"line":65,"column":25},"end":{"line":75,"column":1}},"line":65}},"branchMap":{"0":{"loc":{"start":{"line":7,"column":2},"end":{"line":9,"column":3}},"type":"if","locations":[{"start":{"line":7,"column":2},"end":{"line":9,"column":3}},{"start":{},"end":{}}],"line":7},"1":{"loc":{"start":{"line":12,"column":2},"end":{"line":14,"column":3}},"type":"if","locations":[{"start":{"line":12,"column":2},"end":{"line":14,"column":3}},{"start":{},"end":{}}],"line":12},"2":{"loc":{"start":{"line":23,"column":2},"end":{"line":25,"column":3}},"type":"if","locations":[{"start":{"line":23,"column":2},"end":{"line":25,"column":3}},{"start":{},"end":{}}],"line":23},"3":{"loc":{"start":{"line":23,"column":6},"end":{"line":23,"column":28}},"type":"binary-expr","locations":[{"start":{"line":23,"column":6},"end":{"line":23,"column":11}},{"start":{"line":23,"column":15},"end":{"line":23,"column":28}}],"line":23},"4":{"loc":{"start":{"line":27,"column":2},"end":{"line":29,"column":3}},"type":"if","locations":[{"start":{"line":27,"column":2},"end":{"line":29,"column":3}},{"start":{},"end":{}}],"line":27},"5":{"loc":{"start":{"line":41,"column":2},"end":{"line":43,"column":3}},"type":"if","locations":[{"start":{"line":41,"column":2},"end":{"line":43,"column":3}},{"start":{},"end":{}}],"line":41},"6":{"loc":{"start":{"line":41,"column":6},"end":{"line":41,"column":49}},"type":"binary-expr","locations":[{"start":{"line":41,"column":6},"end":{"line":41,"column":27}},{"start":{"line":41,"column":31},"end":{"line":41,"column":49}}],"line":41},"7":{"loc":{"start":{"line":59,"column":9},"end":{"line":59,"column":30}},"type":"binary-expr","locations":[{"start":{"line":59,"column":9},"end":{"line":59,"column":25}},{"start":{"line":59,"column":29},"end":{"line":59,"column":30}}],"line":59},"8":{"loc":{"start":{"line":66,"column":2},"end":{"line":68,"column":3}},"type":"if","locations":[{"start":{"line":66,"column":2},"end":{"line":68,"column":3}},{"start":{},"end":{}}],"line":66},"9":{"loc":{"start":{"line":66,"column":6},"end":{"line":66,"column":41}},"type":"binary-expr","locations":[{"start":{"line":66,"column":6},"end":{"line":66,"column":11}},{"start":{"line":66,"column":15},"end":{"line":66,"column":28}},{"start":{"line":66,"column":32},"end":{"line":66,"column":41}}],"line":66},"10":{"loc":{"start":{"line":74,"column":9},"end":{"line":74,"column":41}},"type":"binary-expr","locations":[{"start":{"line":74,"column":9},"end":{"line":74,"column":22}},{"start":{"line":74,"column":26},"end":{"line":74,"column":41}}],"line":74}},"s":{"0":4,"1":2,"2":2,"3":1,"4":1,"5":6,"6":2,"7":4,"8":1,"9":3,"10":3,"11":3,"12":9,"13":3,"14":6,"15":13,"16":6,"17":57,"18":57,"19":8,"20":2,"21":6,"22":6,"23":6,"24":6,"25":2},"f":{"0":4,"1":6,"2":9,"3":13,"4":57,"5":8},"b":{"0":[2,2],"1":[1,1],"2":[2,4],"3":[6,5],"4":[1,3],"5":[3,6],"6":[9,7],"7":[57,4],"8":[2,6],"9":[8,8,7],"10":[6,5]},"_coverageSchema":"1a1c01bbd47fc00a2c39e90264f33305004495a9","hash":"a9c1906e97a83c2a5d0740aef2637f4db01f1489"}
,"/home/labadmin/class/engse203/week3-day5/workshop-16-unit-testing/src/utils/dataProcessing.js": {"path":"/home/labadmin/class/engse203/week3-day5/workshop-16-unit-testing/src/utils/dataProcessing.js","statementMap":{"0":{"start":{"line":2,"column":29},"end":{"line":2,"column":55}},"1":{"start":{"line":8,"column":2},"end":{"line":10,"column":3}},"2":{"start":{"line":9,"column":4},"end":{"line":9,"column":14}},"3":{"start":{"line":12,"column":2},"end":{"line":14,"column":3}},"4":{"start":{"line":13,"column":4},"end":{"line":13,"column":17}},"5":{"start":{"line":16,"column":17},"end":{"line":16,"column":49}},"6":{"start":{"line":17,"column":2},"end":{"line":17,"column":46}},"7":{"start":{"line":17,"column":27},"end":{"line":17,"column":44}},"8":{"start":{"line":24,"column":2},"end":{"line":26,"column":3}},"9":{"start":{"line":25,"column":4},"end":{"line":25,"column":14}},"10":{"start":{"line":28,"column":17},"end":{"line":36,"column":4}},"11":{"start":{"line":29,"column":19},"end":{"line":29,"column":56}},"12":{"start":{"line":30,"column":19},"end":{"line":30,"column":56}},"13":{"start":{"line":32,"column":4},"end":{"line":34,"column":5}},"14":{"start":{"line":33,"column":6},"end":{"line":33,"column":29}},"15":{"start":{"line":35,"column":4},"end":{"line":35,"column":27}},"16":{"start":{"line":38,"column":2},"end":{"line":38,"column":16}},"17":{"start":{"line":45,"column":2},"end":{"line":47,"column":3}},"18":{"start":{"line":46,"column":4},"end":{"line":46,"column":23}},"19":{"start":{"line":49,"column":23},"end":{"line":49,"column":51}},"20":{"start":{"line":51,"column":2},"end":{"line":54,"column":5}},"21":{"start":{"line":52,"column":22},"end":{"line":52,"column":68}},"22":{"start":{"line":53,"column":4},"end":{"line":53,"column":21}},"23":{"start":{"line":61,"column":2},"end":{"line":63,"column":3}},"24":{"start":{"line":62,"column":4},"end":{"line":62,"column":45}},"25":{"start":{"line":65,"column":2},"end":{"line":72,"column":40}},"26":{"start":{"line":66,"column":21},"end":{"line":66,"column":43}},"27":{"start":{"line":67,"column":4},"end":{"line":69,"column":5}},"28":{"start":{"line":68,"column":6},"end":{"line":68,"column":28}},"29":{"start":{"line":70,"column":4},"end":{"line":70,"column":32}},"30":{"start":{"line":71,"column":4},"end":{"line":71,"column":18}},"31":{"start":{"line":79,"column":2},"end":{"line":87,"column":3}},"32":{"start":{"line":80,"column":4},"end":{"line":86,"column":6}},"33":{"start":{"line":89,"column":21},"end":{"line":89,"column":39}},"34":{"start":{"line":90,"column":19},"end":{"line":90,"column":37}},"35":{"start":{"line":91,"column":24},"end":{"line":91,"column":57}},"36":{"start":{"line":93,"column":2},"end":{"line":99,"column":4}},"37":{"start":{"line":102,"column":0},"end":{"line":108,"column":2}}},"fnMap":{"0":{"name":"filterTodosByStatus","decl":{"start":{"line":7,"column":9},"end":{"line":7,"column":28}},"loc":{"start":{"line":7,"column":42},"end":{"line":18,"column":1}},"line":7},"1":{"name":"(anonymous_1)","decl":{"start":{"line":17,"column":22},"end":{"line":17,"column":23}},"loc":{"start":{"line":17,"column":27},"end":{"line":17,"column":44}},"line":17},"2":{"name":"sortTodosByPriority","decl":{"start":{"line":23,"column":9},"end":{"line":23,"column":28}},"loc":{"start":{"line":23,"column":52},"end":{"line":39,"column":1}},"line":23},"3":{"name":"(anonymous_3)","decl":{"start":{"line":28,"column":33},"end":{"line":28,"column":34}},"loc":{"start":{"line":28,"column":43},"end":{"line":36,"column":3}},"line":28},"4":{"name":"searchTodos","decl":{"start":{"line":44,"column":9},"end":{"line":44,"column":20}},"loc":{"start":{"line":44,"column":37},"end":{"line":55,"column":1}},"line":44},"5":{"name":"(anonymous_5)","decl":{"start":{"line":51,"column":22},"end":{"line":51,"column":23}},"loc":{"start":{"line":51,"column":30},"end":{"line":54,"column":3}},"line":51},"6":{"name":"groupTodosByPriority","decl":{"start":{"line":60,"column":9},"end":{"line":60,"column":29}},"loc":{"start":{"line":60,"column":37},"end":{"line":73,"column":1}},"line":60},"7":{"name":"(anonymous_7)","decl":{"start":{"line":65,"column":22},"end":{"line":65,"column":23}},"loc":{"start":{"line":65,"column":40},"end":{"line":72,"column":3}},"line":65},"8":{"name":"paginateTodos","decl":{"start":{"line":78,"column":9},"end":{"line":78,"column":22}},"loc":{"start":{"line":78,"column":52},"end":{"line":100,"column":1}},"line":78}},"branchMap":{"0":{"loc":{"start":{"line":8,"column":2},"end":{"line":10,"column":3}},"type":"if","locations":[{"start":{"line":8,"column":2},"end":{"line":10,"column":3}},{"start":{},"end":{}}],"line":8},"1":{"loc":{"start":{"line":12,"column":2},"end":{"line":14,"column":3}},"type":"if","locations":[{"start":{"line":12,"column":2},"end":{"line":14,"column":3}},{"start":{},"end":{}}],"line":12},"2":{"loc":{"start":{"line":12,"column":6},"end":{"line":12,"column":41}},"type":"binary-expr","locations":[{"start":{"line":12,"column":6},"end":{"line":12,"column":24}},{"start":{"line":12,"column":28},"end":{"line":12,"column":41}}],"line":12},"3":{"loc":{"start":{"line":16,"column":17},"end":{"line":16,"column":49}},"type":"binary-expr","locations":[{"start":{"line":16,"column":17},"end":{"line":16,"column":30}},{"start":{"line":16,"column":34},"end":{"line":16,"column":49}}],"line":16},"4":{"loc":{"start":{"line":23,"column":36},"end":{"line":23,"column":50}},"type":"default-arg","locations":[{"start":{"line":23,"column":44},"end":{"line":23,"column":50}}],"line":23},"5":{"loc":{"start":{"line":24,"column":2},"end":{"line":26,"column":3}},"type":"if","locations":[{"start":{"line":24,"column":2},"end":{"line":26,"column":3}},{"start":{},"end":{}}],"line":24},"6":{"loc":{"start":{"line":29,"column":36},"end":{"line":29,"column":55}},"type":"binary-expr","locations":[{"start":{"line":29,"column":36},"end":{"line":29,"column":46}},{"start":{"line":29,"column":50},"end":{"line":29,"column":55}}],"line":29},"7":{"loc":{"start":{"line":30,"column":36},"end":{"line":30,"column":55}},"type":"binary-expr","locations":[{"start":{"line":30,"column":36},"end":{"line":30,"column":46}},{"start":{"line":30,"column":50},"end":{"line":30,"column":55}}],"line":30},"8":{"loc":{"start":{"line":32,"column":4},"end":{"line":34,"column":5}},"type":"if","locations":[{"start":{"line":32,"column":4},"end":{"line":34,"column":5}},{"start":{},"end":{}}],"line":32},"9":{"loc":{"start":{"line":45,"column":2},"end":{"line":47,"column":3}},"type":"if","locations":[{"start":{"line":45,"column":2},"end":{"line":47,"column":3}},{"start":{},"end":{}}],"line":45},"10":{"loc":{"start":{"line":45,"column":6},"end":{"line":45,"column":39}},"type":"binary-expr","locations":[{"start":{"line":45,"column":6},"end":{"line":45,"column":27}},{"start":{"line":45,"column":31},"end":{"line":45,"column":39}}],"line":45},"11":{"loc":{"start":{"line":46,"column":11},"end":{"line":46,"column":22}},"type":"binary-expr","locations":[{"start":{"line":46,"column":11},"end":{"line":46,"column":16}},{"start":{"line":46,"column":20},"end":{"line":46,"column":22}}],"line":46},"12":{"loc":{"start":{"line":61,"column":2},"end":{"line":63,"column":3}},"type":"if","locations":[{"start":{"line":61,"column":2},"end":{"line":63,"column":3}},{"start":{},"end":{}}],"line":61},"13":{"loc":{"start":{"line":66,"column":21},"end":{"line":66,"column":43}},"type":"binary-expr","locations":[{"start":{"line":66,"column":21},"end":{"line":66,"column":34}},{"start":{"line":66,"column":38},"end":{"line":66,"column":43}}],"line":66},"14":{"loc":{"start":{"line":67,"column":4},"end":{"line":69,"column":5}},"type":"if","locations":[{"start":{"line":67,"column":4},"end":{"line":69,"column":5}},{"start":{},"end":{}}],"line":67},"15":{"loc":{"start":{"line":78,"column":30},"end":{"line":78,"column":38}},"type":"default-arg","locations":[{"start":{"line":78,"column":37},"end":{"line":78,"column":38}}],"line":78},"16":{"loc":{"start":{"line":78,"column":40},"end":{"line":78,"column":50}},"type":"default-arg","locations":[{"start":{"line":78,"column":48},"end":{"line":78,"column":50}}],"line":78},"17":{"loc":{"start":{"line":79,"column":2},"end":{"line":87,"column":3}},"type":"if","locations":[{"start":{"line":79,"column":2},"end":{"line":87,"column":3}},{"start":{},"end":{}}],"line":79}},"s":{"0":1,"1":7,"2":2,"3":5,"4":1,"5":4,"6":4,"7":15,"8":7,"9":2,"10":5,"11":25,"12":25,"13":25,"14":8,"15":17,"16":5,"17":8,"18":3,"19":5,"20":5,"21":23,"22":23,"23":4,"24":1,"25":3,"26":7,"27":7,"28":0,"29":7,"30":7,"31":8,"32":1,"33":7,"34":7,"35":7,"36":7,"37":1},"f":{"0":7,"1":15,"2":7,"3":25,"4":8,"5":23,"6":4,"7":7,"8":8},"b":{"0":[2,5],"1":[1,4],"2":[5,4],"3":[4,2],"4":[3],"5":[2,5],"6":[25,0],"7":[25,1],"8":[8,17],"9":[3,5],"10":[8,7],"11":[3,1],"12":[1,3],"13":[7,1],"14":[0,7],"15":[1],"16":[1],"17":[1,7]},"_coverageSchema":"1a1c01bbd47fc00a2c39e90264f33305004495a9","hash":"f7476dfdfd77001ad43c6e5c48ea6a5980c7859a"}
,"/home/labadmin/class/engse203/week3-day5/workshop-16-unit-testing/src/utils/dateHelpers.js": {"path":"/home/labadmin/class/engse203/week3-day5/workshop-16-unit-testing/src/utils/dateHelpers.js","statementMap":{"0":{"start":{"line":7,"column":2},"end":{"line":9,"column":3}},"1":{"start":{"line":8,"column":4},"end":{"line":8,"column":14}},"2":{"start":{"line":11,"column":16},"end":{"line":11,"column":26}},"3":{"start":{"line":12,"column":21},"end":{"line":12,"column":85}},"4":{"start":{"line":13,"column":19},"end":{"line":13,"column":95}},"5":{"start":{"line":15,"column":2},"end":{"line":22,"column":5}},"6":{"start":{"line":16,"column":4},"end":{"line":18,"column":5}},"7":{"start":{"line":17,"column":6},"end":{"line":17,"column":19}},"8":{"start":{"line":20,"column":20},"end":{"line":20,"column":42}},"9":{"start":{"line":21,"column":4},"end":{"line":21,"column":56}},"10":{"start":{"line":29,"column":2},"end":{"line":31,"column":3}},"11":{"start":{"line":30,"column":4},"end":{"line":30,"column":14}},"12":{"start":{"line":33,"column":16},"end":{"line":33,"column":26}},"13":{"start":{"line":34,"column":20},"end":{"line":34,"column":35}},"14":{"start":{"line":35,"column":2},"end":{"line":35,"column":54}},"15":{"start":{"line":36,"column":2},"end":{"line":36,"column":33}},"16":{"start":{"line":38,"column":18},"end":{"line":38,"column":37}},"17":{"start":{"line":39,"column":2},"end":{"line":39,"column":43}},"18":{"start":{"line":40,"column":2},"end":{"line":40,"column":36}},"19":{"start":{"line":42,"column":2},"end":{"line":49,"column":5}},"20":{"start":{"line":43,"column":4},"end":{"line":45,"column":5}},"21":{"start":{"line":44,"column":6},"end":{"line":44,"column":19}},"22":{"start":{"line":47,"column":20},"end":{"line":47,"column":42}},"23":{"start":{"line":48,"column":4},"end":{"line":48,"column":54}},"24":{"start":{"line":56,"column":2},"end":{"line":58,"column":3}},"25":{"start":{"line":57,"column":4},"end":{"line":57,"column":14}},"26":{"start":{"line":60,"column":14},"end":{"line":60,"column":24}},"27":{"start":{"line":62,"column":2},"end":{"line":69,"column":5}},"28":{"start":{"line":63,"column":4},"end":{"line":65,"column":5}},"29":{"start":{"line":64,"column":6},"end":{"line":64,"column":19}},"30":{"start":{"line":67,"column":20},"end":{"line":67,"column":42}},"31":{"start":{"line":68,"column":4},"end":{"line":68,"column":25}},"32":{"start":{"line":76,"column":14},"end":{"line":76,"column":24}},"33":{"start":{"line":77,"column":21},"end":{"line":77,"column":35}},"34":{"start":{"line":78,"column":17},"end":{"line":78,"column":33}},"35":{"start":{"line":79,"column":18},"end":{"line":79,"column":53}},"36":{"start":{"line":80,"column":18},"end":{"line":80,"column":42}},"37":{"start":{"line":81,"column":19},"end":{"line":81,"column":43}},"38":{"start":{"line":82,"column":18},"end":{"line":82,"column":43}},"39":{"start":{"line":84,"column":17},"end":{"line":84,"column":27}},"40":{"start":{"line":85,"column":17},"end":{"line":85,"column":36}},"41":{"start":{"line":86,"column":17},"end":{"line":86,"column":37}},"42":{"start":{"line":88,"column":2},"end":{"line":90,"column":3}},"43":{"start":{"line":89,"column":4},"end":{"line":89,"column":76}},"44":{"start":{"line":92,"column":2},"end":{"line":94,"column":3}},"45":{"start":{"line":93,"column":4},"end":{"line":93,"column":76}},"46":{"start":{"line":96,"column":2},"end":{"line":98,"column":3}},"47":{"start":{"line":97,"column":4},"end":{"line":97,"column":76}},"48":{"start":{"line":100,"column":2},"end":{"line":100,"column":71}},"49":{"start":{"line":107,"column":14},"end":{"line":107,"column":37}},"50":{"start":{"line":108,"column":2},"end":{"line":108,"column":32}},"51":{"start":{"line":111,"column":0},"end":{"line":117,"column":2}}},"fnMap":{"0":{"name":"getTasksDueToday","decl":{"start":{"line":6,"column":9},"end":{"line":6,"column":25}},"loc":{"start":{"line":6,"column":33},"end":{"line":23,"column":1}},"line":6},"1":{"name":"(anonymous_1)","decl":{"start":{"line":15,"column":22},"end":{"line":15,"column":23}},"loc":{"start":{"line":15,"column":30},"end":{"line":22,"column":3}},"line":15},"2":{"name":"getTasksDueThisWeek","decl":{"start":{"line":28,"column":9},"end":{"line":28,"column":28}},"loc":{"start":{"line":28,"column":36},"end":{"line":50,"column":1}},"line":28},"3":{"name":"(anonymous_3)","decl":{"start":{"line":42,"column":22},"end":{"line":42,"column":23}},"loc":{"start":{"line":42,"column":30},"end":{"line":49,"column":3}},"line":42},"4":{"name":"getOverdueTasks","decl":{"start":{"line":55,"column":9},"end":{"line":55,"column":24}},"loc":{"start":{"line":55,"column":32},"end":{"line":70,"column":1}},"line":55},"5":{"name":"(anonymous_5)","decl":{"start":{"line":62,"column":22},"end":{"line":62,"column":23}},"loc":{"start":{"line":62,"column":30},"end":{"line":69,"column":3}},"line":62},"6":{"name":"formatRelativeTime","decl":{"start":{"line":75,"column":9},"end":{"line":75,"column":27}},"loc":{"start":{"line":75,"column":34},"end":{"line":101,"column":1}},"line":75},"7":{"name":"isWeekend","decl":{"start":{"line":106,"column":9},"end":{"line":106,"column":18}},"loc":{"start":{"line":106,"column":25},"end":{"line":109,"column":1}},"line":106}},"branchMap":{"0":{"loc":{"start":{"line":7,"column":2},"end":{"line":9,"column":3}},"type":"if","locations":[{"start":{"line":7,"column":2},"end":{"line":9,"column":3}},{"start":{},"end":{}}],"line":7},"1":{"loc":{"start":{"line":16,"column":4},"end":{"line":18,"column":5}},"type":"if","locations":[{"start":{"line":16,"column":4},"end":{"line":18,"column":5}},{"start":{},"end":{}}],"line":16},"2":{"loc":{"start":{"line":16,"column":8},"end":{"line":16,"column":34}},"type":"binary-expr","locations":[{"start":{"line":16,"column":8},"end":{"line":16,"column":21}},{"start":{"line":16,"column":25},"end":{"line":16,"column":34}}],"line":16},"3":{"loc":{"start":{"line":21,"column":11},"end":{"line":21,"column":55}},"type":"binary-expr","locations":[{"start":{"line":21,"column":11},"end":{"line":21,"column":32}},{"start":{"line":21,"column":36},"end":{"line":21,"column":55}}],"line":21},"4":{"loc":{"start":{"line":29,"column":2},"end":{"line":31,"column":3}},"type":"if","locations":[{"start":{"line":29,"column":2},"end":{"line":31,"column":3}},{"start":{},"end":{}}],"line":29},"5":{"loc":{"start":{"line":43,"column":4},"end":{"line":45,"column":5}},"type":"if","locations":[{"start":{"line":43,"column":4},"end":{"line":45,"column":5}},{"start":{},"end":{}}],"line":43},"6":{"loc":{"start":{"line":43,"column":8},"end":{"line":43,"column":34}},"type":"binary-expr","locations":[{"start":{"line":43,"column":8},"end":{"line":43,"column":21}},{"start":{"line":43,"column":25},"end":{"line":43,"column":34}}],"line":43},"7":{"loc":{"start":{"line":48,"column":11},"end":{"line":48,"column":53}},"type":"binary-expr","locations":[{"start":{"line":48,"column":11},"end":{"line":48,"column":31}},{"start":{"line":48,"column":35},"end":{"line":48,"column":53}}],"line":48},"8":{"loc":{"start":{"line":56,"column":2},"end":{"line":58,"column":3}},"type":"if","locations":[{"start":{"line":56,"column":2},"end":{"line":58,"column":3}},{"start":{},"end":{}}],"line":56},"9":{"loc":{"start":{"line":63,"column":4},"end":{"line":65,"column":5}},"type":"if","locations":[{"start":{"line":63,"column":4},"end":{"line":65,"column":5}},{"start":{},"end":{}}],"line":63},"10":{"loc":{"start":{"line":63,"column":8},"end":{"line":63,"column":34}},"type":"binary-expr","locations":[{"start":{"line":63,"column":8},"end":{"line":63,"column":21}},{"start":{"line":63,"column":25},"end":{"line":63,"column":34}}],"line":63},"11":{"loc":{"start":{"line":85,"column":17},"end":{"line":85,"column":36}},"type":"cond-expr","locations":[{"start":{"line":85,"column":26},"end":{"line":85,"column":28}},{"start":{"line":85,"column":31},"end":{"line":85,"column":36}}],"line":85},"12":{"loc":{"start":{"line":86,"column":17},"end":{"line":86,"column":37}},"type":"cond-expr","locations":[{"start":{"line":86,"column":26},"end":{"line":86,"column":32}},{"start":{"line":86,"column":35},"end":{"line":86,"column":37}}],"line":86},"13":{"loc":{"start":{"line":88,"column":2},"end":{"line":90,"column":3}},"type":"if","locations":[{"start":{"line":88,"column":2},"end":{"line":90,"column":3}},{"start":{},"end":{}}],"line":88},"14":{"loc":{"start":{"line":89,"column":40},"end":{"line":89,"column":64}},"type":"cond-expr","locations":[{"start":{"line":89,"column":56},"end":{"line":89,"column":59}},{"start":{"line":89,"column":62},"end":{"line":89,"column":64}}],"line":89},"15":{"loc":{"start":{"line":92,"column":2},"end":{"line":94,"column":3}},"type":"if","locations":[{"start":{"line":92,"column":2},"end":{"line":94,"column":3}},{"start":{},"end":{}}],"line":92},"16":{"loc":{"start":{"line":93,"column":40},"end":{"line":93,"column":64}},"type":"cond-expr","locations":[{"start":{"line":93,"column":56},"end":{"line":93,"column":59}},{"start":{"line":93,"column":62},"end":{"line":93,"column":64}}],"line":93},"17":{"loc":{"start":{"line":96,"column":2},"end":{"line":98,"column":3}},"type":"if","locations":[{"start":{"line":96,"column":2},"end":{"line":98,"column":3}},{"start":{},"end":{}}],"line":96},"18":{"loc":{"start":{"line":97,"column":39},"end":{"line":97,"column":64}},"type":"cond-expr","locations":[{"start":{"line":97,"column":56},"end":{"line":97,"column":59}},{"start":{"line":97,"column":62},"end":{"line":97,"column":64}}],"line":97},"19":{"loc":{"start":{"line":100,"column":35},"end":{"line":100,"column":59}},"type":"cond-expr","locations":[{"start":{"line":100,"column":51},"end":{"line":100,"column":54}},{"start":{"line":100,"column":57},"end":{"line":100,"column":59}}],"line":100},"20":{"loc":{"start":{"line":108,"column":9},"end":{"line":108,"column":31}},"type":"binary-expr","locations":[{"start":{"line":108,"column":9},"end":{"line":108,"column":18}},{"start":{"line":108,"column":22},"end":{"line":108,"column":31}}],"line":108}},"s":{"0":7,"1":2,"2":5,"3":5,"4":5,"5":5,"6":9,"7":1,"8":8,"9":8,"10":3,"11":1,"12":2,"13":2,"14":2,"15":2,"16":2,"17":2,"18":2,"19":2,"20":5,"21":1,"22":4,"23":4,"24":4,"25":0,"26":4,"27":4,"28":7,"29":1,"30":6,"31":6,"32":9,"33":9,"34":9,"35":9,"36":9,"37":9,"38":9,"39":9,"40":9,"41":9,"42":9,"43":2,"44":7,"45":2,"46":5,"47":3,"48":2,"49":7,"50":7,"51":1},"f":{"0":7,"1":9,"2":3,"3":5,"4":4,"5":7,"6":9,"7":7},"b":{"0":[2,5],"1":[1,8],"2":[9,9],"3":[8,7],"4":[1,2],"5":[1,4],"6":[5,5],"7":[4,4],"8":[0,4],"9":[1,6],"10":[7,7],"11":[7,2],"12":[7,2],"13":[2,7],"14":[1,1],"15":[2,5],"16":[1,1],"17":[3,2],"18":[2,1],"19":[2,0],"20":[7,6]},"_coverageSchema":"1a1c01bbd47fc00a2c39e90264f33305004495a9","hash":"aa6369a3c352359330f0ff130ec86643a357b719"}
,"/home/labadmin/class/engse203/week3-day5/workshop-16-unit-testing/src/utils/errorHandler.js": {"path":"/home/labadmin/class/engse203/week3-day5/workshop-16-unit-testing/src/utils/errorHandler.js","statementMap":{"0":{"start":{"line":5,"column":4},"end":{"line":5,"column":19}},"1":{"start":{"line":6,"column":4},"end":{"line":6,"column":33}},"2":{"start":{"line":7,"column":4},"end":{"line":7,"column":21}},"3":{"start":{"line":8,"column":4},"end":{"line":8,"column":30}},"4":{"start":{"line":10,"column":4},"end":{"line":10,"column":52}},"5":{"start":{"line":19,"column":2},"end":{"line":25,"column":3}},"6":{"start":{"line":20,"column":4},"end":{"line":24,"column":6}},"7":{"start":{"line":28,"column":2},"end":{"line":34,"column":3}},"8":{"start":{"line":29,"column":4},"end":{"line":33,"column":6}},"9":{"start":{"line":37,"column":2},"end":{"line":43,"column":3}},"10":{"start":{"line":38,"column":4},"end":{"line":42,"column":6}},"11":{"start":{"line":46,"column":2},"end":{"line":52,"column":3}},"12":{"start":{"line":47,"column":4},"end":{"line":51,"column":6}},"13":{"start":{"line":55,"column":2},"end":{"line":59,"column":4}},"14":{"start":{"line":66,"column":18},"end":{"line":66,"column":55}},"15":{"start":{"line":66,"column":34},"end":{"line":66,"column":43}},"16":{"start":{"line":67,"column":2},"end":{"line":67,"column":56}},"17":{"start":{"line":74,"column":2},"end":{"line":78,"column":4}},"18":{"start":{"line":85,"column":2},"end":{"line":89,"column":4}},"19":{"start":{"line":96,"column":2},"end":{"line":100,"column":4}},"20":{"start":{"line":103,"column":0},"end":{"line":110,"column":2}}},"fnMap":{"0":{"name":"(anonymous_0)","decl":{"start":{"line":4,"column":2},"end":{"line":4,"column":3}},"loc":{"start":{"line":4,"column":41},"end":{"line":11,"column":3}},"line":4},"1":{"name":"handleDatabaseError","decl":{"start":{"line":17,"column":9},"end":{"line":17,"column":28}},"loc":{"start":{"line":17,"column":36},"end":{"line":60,"column":1}},"line":17},"2":{"name":"handleValidationError","decl":{"start":{"line":65,"column":9},"end":{"line":65,"column":30}},"loc":{"start":{"line":65,"column":39},"end":{"line":68,"column":1}},"line":65},"3":{"name":"(anonymous_3)","decl":{"start":{"line":66,"column":29},"end":{"line":66,"column":30}},"loc":{"start":{"line":66,"column":34},"end":{"line":66,"column":43}},"line":66},"4":{"name":"handleNotFoundError","decl":{"start":{"line":73,"column":9},"end":{"line":73,"column":28}},"loc":{"start":{"line":73,"column":39},"end":{"line":79,"column":1}},"line":73},"5":{"name":"handleAuthError","decl":{"start":{"line":84,"column":9},"end":{"line":84,"column":24}},"loc":{"start":{"line":84,"column":27},"end":{"line":90,"column":1}},"line":84},"6":{"name":"handleForbiddenError","decl":{"start":{"line":95,"column":9},"end":{"line":95,"column":29}},"loc":{"start":{"line":95,"column":32},"end":{"line":101,"column":1}},"line":95}},"branchMap":{"0":{"loc":{"start":{"line":19,"column":2},"end":{"line":25,"column":3}},"type":"if","locations":[{"start":{"line":19,"column":2},"end":{"line":25,"column":3}},{"start":{},"end":{}}],"line":19},"1":{"loc":{"start":{"line":28,"column":2},"end":{"line":34,"column":3}},"type":"if","locations":[{"start":{"line":28,"column":2},"end":{"line":34,"column":3}},{"start":{},"end":{}}],"line":28},"2":{"loc":{"start":{"line":37,"column":2},"end":{"line":43,"column":3}},"type":"if","locations":[{"start":{"line":37,"column":2},"end":{"line":43,"column":3}},{"start":{},"end":{}}],"line":37},"3":{"loc":{"start":{"line":46,"column":2},"end":{"line":52,"column":3}},"type":"if","locations":[{"start":{"line":46,"column":2},"end":{"line":52,"column":3}},{"start":{},"end":{}}],"line":46}},"s":{"0":17,"1":17,"2":17,"3":17,"4":17,"5":6,"6":1,"7":5,"8":1,"9":4,"10":1,"11":3,"12":1,"13":2,"14":3,"15":3,"16":3,"17":3,"18":1,"19":1,"20":1},"f":{"0":17,"1":6,"2":3,"3":3,"4":3,"5":1,"6":1},"b":{"0":[1,5],"1":[1,4],"2":[1,3],"3":[1,2]},"_coverageSchema":"1a1c01bbd47fc00a2c39e90264f33305004495a9","hash":"4bbbcbc4494d99237feaa3a5e254100c01368cfd"}
,"/home/labadmin/class/engse203/week3-day5/workshop-16-unit-testing/src/utils/validation.js": {"path":"/home/labadmin/class/engse203/week3-day5/workshop-16-unit-testing/src/utils/validation.js","statementMap":{"0":{"start":{"line":7,"column":2},"end":{"line":9,"column":3}},"1":{"start":{"line":8,"column":4},"end":{"line":8,"column":40}},"2":{"start":{"line":11,"column":2},"end":{"line":13,"column":3}},"3":{"start":{"line":12,"column":4},"end":{"line":12,"column":45}},"4":{"start":{"line":15,"column":2},"end":{"line":17,"column":3}},"5":{"start":{"line":16,"column":4},"end":{"line":16,"column":44}},"6":{"start":{"line":19,"column":2},"end":{"line":21,"column":3}},"7":{"start":{"line":20,"column":4},"end":{"line":20,"column":58}},"8":{"start":{"line":23,"column":2},"end":{"line":25,"column":3}},"9":{"start":{"line":24,"column":4},"end":{"line":24,"column":59}},"10":{"start":{"line":27,"column":2},"end":{"line":27,"column":14}},"11":{"start":{"line":34,"column":26},"end":{"line":34,"column":51}},"12":{"start":{"line":35,"column":2},"end":{"line":35,"column":44}},"13":{"start":{"line":42,"column":2},"end":{"line":44,"column":3}},"14":{"start":{"line":43,"column":4},"end":{"line":43,"column":16}},"15":{"start":{"line":46,"column":15},"end":{"line":46,"column":32}},"16":{"start":{"line":48,"column":2},"end":{"line":50,"column":3}},"17":{"start":{"line":49,"column":4},"end":{"line":49,"column":43}},"18":{"start":{"line":52,"column":14},"end":{"line":52,"column":24}},"19":{"start":{"line":53,"column":2},"end":{"line":55,"column":3}},"20":{"start":{"line":54,"column":4},"end":{"line":54,"column":54}},"21":{"start":{"line":57,"column":2},"end":{"line":57,"column":14}},"22":{"start":{"line":64,"column":17},"end":{"line":64,"column":19}},"23":{"start":{"line":66,"column":2},"end":{"line":70,"column":3}},"24":{"start":{"line":67,"column":4},"end":{"line":67,"column":28}},"25":{"start":{"line":69,"column":4},"end":{"line":69,"column":31}},"26":{"start":{"line":72,"column":2},"end":{"line":74,"column":3}},"27":{"start":{"line":73,"column":4},"end":{"line":73,"column":57}},"28":{"start":{"line":76,"column":2},"end":{"line":82,"column":3}},"29":{"start":{"line":77,"column":4},"end":{"line":79,"column":5}},"30":{"start":{"line":78,"column":6},"end":{"line":78,"column":36}},"31":{"start":{"line":81,"column":4},"end":{"line":81,"column":31}},"32":{"start":{"line":84,"column":2},"end":{"line":89,"column":3}},"33":{"start":{"line":85,"column":4},"end":{"line":88,"column":6}},"34":{"start":{"line":91,"column":2},"end":{"line":94,"column":4}},"35":{"start":{"line":97,"column":0},"end":{"line":102,"column":2}}},"fnMap":{"0":{"name":"validateTask","decl":{"start":{"line":6,"column":9},"end":{"line":6,"column":21}},"loc":{"start":{"line":6,"column":28},"end":{"line":28,"column":1}},"line":6},"1":{"name":"isValidPriority","decl":{"start":{"line":33,"column":9},"end":{"line":33,"column":24}},"loc":{"start":{"line":33,"column":35},"end":{"line":36,"column":1}},"line":33},"2":{"name":"validateDueDate","decl":{"start":{"line":41,"column":9},"end":{"line":41,"column":24}},"loc":{"start":{"line":41,"column":34},"end":{"line":58,"column":1}},"line":41},"3":{"name":"validateTodo","decl":{"start":{"line":63,"column":9},"end":{"line":63,"column":21}},"loc":{"start":{"line":63,"column":28},"end":{"line":95,"column":1}},"line":63}},"branchMap":{"0":{"loc":{"start":{"line":7,"column":2},"end":{"line":9,"column":3}},"type":"if","locations":[{"start":{"line":7,"column":2},"end":{"line":9,"column":3}},{"start":{},"end":{}}],"line":7},"1":{"loc":{"start":{"line":11,"column":2},"end":{"line":13,"column":3}},"type":"if","locations":[{"start":{"line":11,"column":2},"end":{"line":13,"column":3}},{"start":{},"end":{}}],"line":11},"2":{"loc":{"start":{"line":15,"column":2},"end":{"line":17,"column":3}},"type":"if","locations":[{"start":{"line":15,"column":2},"end":{"line":17,"column":3}},{"start":{},"end":{}}],"line":15},"3":{"loc":{"start":{"line":19,"column":2},"end":{"line":21,"column":3}},"type":"if","locations":[{"start":{"line":19,"column":2},"end":{"line":21,"column":3}},{"start":{},"end":{}}],"line":19},"4":{"loc":{"start":{"line":23,"column":2},"end":{"line":25,"column":3}},"type":"if","locations":[{"start":{"line":23,"column":2},"end":{"line":25,"column":3}},{"start":{},"end":{}}],"line":23},"5":{"loc":{"start":{"line":42,"column":2},"end":{"line":44,"column":3}},"type":"if","locations":[{"start":{"line":42,"column":2},"end":{"line":44,"column":3}},{"start":{},"end":{}}],"line":42},"6":{"loc":{"start":{"line":48,"column":2},"end":{"line":50,"column":3}},"type":"if","locations":[{"start":{"line":48,"column":2},"end":{"line":50,"column":3}},{"start":{},"end":{}}],"line":48},"7":{"loc":{"start":{"line":53,"column":2},"end":{"line":55,"column":3}},"type":"if","locations":[{"start":{"line":53,"column":2},"end":{"line":55,"column":3}},{"start":{},"end":{}}],"line":53},"8":{"loc":{"start":{"line":72,"column":2},"end":{"line":74,"column":3}},"type":"if","locations":[{"start":{"line":72,"column":2},"end":{"line":74,"column":3}},{"start":{},"end":{}}],"line":72},"9":{"loc":{"start":{"line":72,"column":6},"end":{"line":72,"column":54}},"type":"binary-expr","locations":[{"start":{"line":72,"column":6},"end":{"line":72,"column":19}},{"start":{"line":72,"column":23},"end":{"line":72,"column":54}}],"line":72},"10":{"loc":{"start":{"line":77,"column":4},"end":{"line":79,"column":5}},"type":"if","locations":[{"start":{"line":77,"column":4},"end":{"line":79,"column":5}},{"start":{},"end":{}}],"line":77},"11":{"loc":{"start":{"line":84,"column":2},"end":{"line":89,"column":3}},"type":"if","locations":[{"start":{"line":84,"column":2},"end":{"line":89,"column":3}},{"start":{},"end":{}}],"line":84}},"s":{"0":18,"1":4,"2":14,"3":3,"4":11,"5":1,"6":10,"7":2,"8":8,"9":1,"10":7,"11":14,"12":14,"13":10,"14":2,"15":8,"16":8,"17":3,"18":5,"19":5,"20":1,"21":4,"22":4,"23":4,"24":4,"25":2,"26":4,"27":2,"28":4,"29":4,"30":2,"31":1,"32":4,"33":2,"34":2,"35":1},"f":{"0":18,"1":14,"2":10,"3":4},"b":{"0":[4,14],"1":[3,11],"2":[1,10],"3":[2,8],"4":[1,7],"5":[2,8],"6":[3,5],"7":[1,4],"8":[2,2],"9":[4,3],"10":[2,2],"11":[2,2]},"_coverageSchema":"1a1c01bbd47fc00a2c39e90264f33305004495a9","hash":"f8f4814a888b81f30c1310a36a430828f044268c"}
}
