TN:
SF:src/config/database.js
FN:9,(anonymous_0)
FNF:1
FNH:0
FNDA:0,(anonymous_0)
DA:8,0
DA:10,0
DA:14,0
LF:3
LH:0
BRDA:9,0,0,0
BRF:1
BRH:0
end_of_record
TN:
SF:src/models/Todo.js
FN:8,(anonymous_0)
FN:20,(anonymous_1)
FN:40,(anonymous_2)
FN:60,(anonymous_3)
FN:80,(anonymous_4)
FNF:5
FNH:5
FNDA:3,(anonymous_0)
FNDA:5,(anonymous_1)
FNDA:6,(anonymous_2)
FNDA:4,(anonymous_3)
FNDA:4,(anonymous_4)
DA:2,1
DA:9,3
DA:10,3
DA:11,2
DA:13,1
DA:21,5
DA:22,5
DA:24,4
DA:25,2
DA:28,2
DA:30,3
DA:31,2
DA:33,1
DA:41,6
DA:42,6
DA:44,4
DA:50,2
DA:51,1
DA:53,1
DA:61,4
DA:62,4
DA:64,3
DA:65,1
DA:68,2
DA:70,2
DA:71,1
DA:73,1
DA:81,4
DA:82,4
DA:84,3
DA:85,1
DA:88,2
DA:90,2
DA:91,1
DA:93,1
DA:98,1
LF:36
LH:36
BRDA:24,0,0,2
BRDA:24,0,1,2
BRDA:30,1,0,2
BRDA:30,1,1,1
BRDA:50,2,0,1
BRDA:50,2,1,1
BRDA:64,3,0,1
BRDA:64,3,1,2
BRDA:70,4,0,1
BRDA:70,4,1,1
BRDA:84,5,0,1
BRDA:84,5,1,2
BRDA:90,6,0,1
BRDA:90,6,1,1
BRF:14
BRH:14
end_of_record
TN:
SF:src/utils/businessRules.js
FN:6,canMarkAsDone
FN:22,isOverdue
FN:40,calculateCompletionRate
FN:45,(anonymous_3)
FN:52,getPriorityScore
FN:65,isDueSoon
FNF:6
FNH:6
FNDA:4,canMarkAsDone
FNDA:6,isOverdue
FNDA:9,calculateCompletionRate
FNDA:13,(anonymous_3)
FNDA:57,getPriorityScore
FNDA:8,isDueSoon
DA:7,4
DA:8,2
DA:12,2
DA:13,1
DA:16,1
DA:23,6
DA:24,2
DA:27,4
DA:28,1
DA:31,3
DA:32,3
DA:34,3
DA:41,9
DA:42,3
DA:45,13
DA:46,6
DA:53,57
DA:59,57
DA:66,8
DA:67,2
DA:70,6
DA:71,6
DA:72,6
DA:74,6
DA:77,2
LF:25
LH:25
BRDA:7,0,0,2
BRDA:7,0,1,2
BRDA:12,1,0,1
BRDA:12,1,1,1
BRDA:23,2,0,2
BRDA:23,2,1,4
BRDA:23,3,0,6
BRDA:23,3,1,5
BRDA:27,4,0,1
BRDA:27,4,1,3
BRDA:41,5,0,3
BRDA:41,5,1,6
BRDA:41,6,0,9
BRDA:41,6,1,7
BRDA:59,7,0,57
BRDA:59,7,1,4
BRDA:66,8,0,2
BRDA:66,8,1,6
BRDA:66,9,0,8
BRDA:66,9,1,8
BRDA:66,9,2,7
BRDA:74,10,0,6
BRDA:74,10,1,5
BRF:23
BRH:23
end_of_record
TN:
SF:src/utils/dataProcessing.js
FN:7,filterTodosByStatus
FN:17,(anonymous_1)
FN:23,sortTodosByPriority
FN:28,(anonymous_3)
FN:44,searchTodos
FN:51,(anonymous_5)
FN:60,groupTodosByPriority
FN:65,(anonymous_7)
FN:78,paginateTodos
FNF:9
FNH:9
FNDA:7,filterTodosByStatus
FNDA:15,(anonymous_1)
FNDA:7,sortTodosByPriority
FNDA:25,(anonymous_3)
FNDA:8,searchTodos
FNDA:23,(anonymous_5)
FNDA:4,groupTodosByPriority
FNDA:7,(anonymous_7)
FNDA:8,paginateTodos
DA:2,1
DA:8,7
DA:9,2
DA:12,5
DA:13,1
DA:16,4
DA:17,15
DA:24,7
DA:25,2
DA:28,5
DA:29,25
DA:30,25
DA:32,25
DA:33,8
DA:35,17
DA:38,5
DA:45,8
DA:46,3
DA:49,5
DA:51,5
DA:52,23
DA:53,23
DA:61,4
DA:62,1
DA:65,3
DA:66,7
DA:67,7
DA:68,0
DA:70,7
DA:71,7
DA:79,8
DA:80,1
DA:89,7
DA:90,7
DA:91,7
DA:93,7
DA:102,1
LF:37
LH:36
BRDA:8,0,0,2
BRDA:8,0,1,5
BRDA:12,1,0,1
BRDA:12,1,1,4
BRDA:12,2,0,5
BRDA:12,2,1,4
BRDA:16,3,0,4
BRDA:16,3,1,2
BRDA:23,4,0,3
BRDA:24,5,0,2
BRDA:24,5,1,5
BRDA:29,6,0,25
BRDA:29,6,1,0
BRDA:30,7,0,25
BRDA:30,7,1,1
BRDA:32,8,0,8
BRDA:32,8,1,17
BRDA:45,9,0,3
BRDA:45,9,1,5
BRDA:45,10,0,8
BRDA:45,10,1,7
BRDA:46,11,0,3
BRDA:46,11,1,1
BRDA:61,12,0,1
BRDA:61,12,1,3
BRDA:66,13,0,7
BRDA:66,13,1,1
BRDA:67,14,0,0
BRDA:67,14,1,7
BRDA:78,15,0,1
BRDA:78,16,0,1
BRDA:79,17,0,1
BRDA:79,17,1,7
BRF:33
BRH:31
end_of_record
TN:
SF:src/utils/dateHelpers.js
FN:6,getTasksDueToday
FN:15,(anonymous_1)
FN:28,getTasksDueThisWeek
FN:42,(anonymous_3)
FN:55,getOverdueTasks
FN:62,(anonymous_5)
FN:75,formatRelativeTime
FN:106,isWeekend
FNF:8
FNH:8
FNDA:7,getTasksDueToday
FNDA:9,(anonymous_1)
FNDA:3,getTasksDueThisWeek
FNDA:5,(anonymous_3)
FNDA:4,getOverdueTasks
FNDA:7,(anonymous_5)
FNDA:9,formatRelativeTime
FNDA:7,isWeekend
DA:7,7
DA:8,2
DA:11,5
DA:12,5
DA:13,5
DA:15,5
DA:16,9
DA:17,1
DA:20,8
DA:21,8
DA:29,3
DA:30,1
DA:33,2
DA:34,2
DA:35,2
DA:36,2
DA:38,2
DA:39,2
DA:40,2
DA:42,2
DA:43,5
DA:44,1
DA:47,4
DA:48,4
DA:56,4
DA:57,0
DA:60,4
DA:62,4
DA:63,7
DA:64,1
DA:67,6
DA:68,6
DA:76,9
DA:77,9
DA:78,9
DA:79,9
DA:80,9
DA:81,9
DA:82,9
DA:84,9
DA:85,9
DA:86,9
DA:88,9
DA:89,2
DA:92,7
DA:93,2
DA:96,5
DA:97,3
DA:100,2
DA:107,7
DA:108,7
DA:111,1
LF:52
LH:51
BRDA:7,0,0,2
BRDA:7,0,1,5
BRDA:16,1,0,1
BRDA:16,1,1,8
BRDA:16,2,0,9
BRDA:16,2,1,9
BRDA:21,3,0,8
BRDA:21,3,1,7
BRDA:29,4,0,1
BRDA:29,4,1,2
BRDA:43,5,0,1
BRDA:43,5,1,4
BRDA:43,6,0,5
BRDA:43,6,1,5
BRDA:48,7,0,4
BRDA:48,7,1,4
BRDA:56,8,0,0
BRDA:56,8,1,4
BRDA:63,9,0,1
BRDA:63,9,1,6
BRDA:63,10,0,7
BRDA:63,10,1,7
BRDA:85,11,0,7
BRDA:85,11,1,2
BRDA:86,12,0,7
BRDA:86,12,1,2
BRDA:88,13,0,2
BRDA:88,13,1,7
BRDA:89,14,0,1
BRDA:89,14,1,1
BRDA:92,15,0,2
BRDA:92,15,1,5
BRDA:93,16,0,1
BRDA:93,16,1,1
BRDA:96,17,0,3
BRDA:96,17,1,2
BRDA:97,18,0,2
BRDA:97,18,1,1
BRDA:100,19,0,2
BRDA:100,19,1,0
BRDA:108,20,0,7
BRDA:108,20,1,6
BRF:42
BRH:40
end_of_record
TN:
SF:src/utils/errorHandler.js
FN:4,(anonymous_0)
FN:17,handleDatabaseError
FN:65,handleValidationError
FN:66,(anonymous_3)
FN:73,handleNotFoundError
FN:84,handleAuthError
FN:95,handleForbiddenError
FNF:7
FNH:7
FNDA:17,(anonymous_0)
FNDA:6,handleDatabaseError
FNDA:3,handleValidationError
FNDA:3,(anonymous_3)
FNDA:3,handleNotFoundError
FNDA:1,handleAuthError
FNDA:1,handleForbiddenError
DA:5,17
DA:6,17
DA:7,17
DA:8,17
DA:10,17
DA:19,6
DA:20,1
DA:28,5
DA:29,1
DA:37,4
DA:38,1
DA:46,3
DA:47,1
DA:55,2
DA:66,3
DA:67,3
DA:74,3
DA:85,1
DA:96,1
DA:103,1
LF:20
LH:20
BRDA:19,0,0,1
BRDA:19,0,1,5
BRDA:28,1,0,1
BRDA:28,1,1,4
BRDA:37,2,0,1
BRDA:37,2,1,3
BRDA:46,3,0,1
BRDA:46,3,1,2
BRF:8
BRH:8
end_of_record
TN:
SF:src/utils/validation.js
FN:6,validateTask
FN:33,isValidPriority
FN:41,validateDueDate
FN:63,validateTodo
FNF:4
FNH:4
FNDA:18,validateTask
FNDA:14,isValidPriority
FNDA:10,validateDueDate
FNDA:4,validateTodo
DA:7,18
DA:8,4
DA:11,14
DA:12,3
DA:15,11
DA:16,1
DA:19,10
DA:20,2
DA:23,8
DA:24,1
DA:27,7
DA:34,14
DA:35,14
DA:42,10
DA:43,2
DA:46,8
DA:48,8
DA:49,3
DA:52,5
DA:53,5
DA:54,1
DA:57,4
DA:64,4
DA:66,4
DA:67,4
DA:69,2
DA:72,4
DA:73,2
DA:76,4
DA:77,4
DA:78,2
DA:81,1
DA:84,4
DA:85,2
DA:91,2
DA:97,1
LF:36
LH:36
BRDA:7,0,0,4
BRDA:7,0,1,14
BRDA:11,1,0,3
BRDA:11,1,1,11
BRDA:15,2,0,1
BRDA:15,2,1,10
BRDA:19,3,0,2
BRDA:19,3,1,8
BRDA:23,4,0,1
BRDA:23,4,1,7
BRDA:42,5,0,2
BRDA:42,5,1,8
BRDA:48,6,0,3
BRDA:48,6,1,5
BRDA:53,7,0,1
BRDA:53,7,1,4
BRDA:72,8,0,2
BRDA:72,8,1,2
BRDA:72,9,0,4
BRDA:72,9,1,3
BRDA:77,10,0,2
BRDA:77,10,1,2
BRDA:84,11,0,2
BRDA:84,11,1,2
BRF:24
BRH:24
end_of_record
